{"C:\\Informatique\\FullStack\\NodeJs\\j8\\src\\container.js": {"path":"C:\\Informatique\\FullStack\\NodeJs\\j8\\src\\container.js","statementMap":{"0":{"start":{"line":17,"column":22},"end":{"line":17,"column":44}},"1":{"start":{"line":20,"column":17},"end":{"line":20,"column":43}},"2":{"start":{"line":23,"column":23},"end":{"line":23,"column":63}},"3":{"start":{"line":24,"column":20},"end":{"line":24,"column":53}},"4":{"start":{"line":25,"column":23},"end":{"line":25,"column":62}},"5":{"start":{"line":27,"column":26},"end":{"line":27,"column":69}},"6":{"start":{"line":28,"column":23},"end":{"line":28,"column":59}},"7":{"start":{"line":29,"column":26},"end":{"line":29,"column":68}},"8":{"start":{"line":32,"column":20},"end":{"line":32,"column":53}},"9":{"start":{"line":33,"column":23},"end":{"line":33,"column":63}},"10":{"start":{"line":37,"column":23},"end":{"line":37,"column":56}},"11":{"start":{"line":39,"column":26},"end":{"line":39,"column":62}},"12":{"start":{"line":43,"column":20},"end":{"line":43,"column":51}},"13":{"start":{"line":45,"column":20},"end":{"line":45,"column":51}},"14":{"start":{"line":47,"column":23},"end":{"line":47,"column":60}},"15":{"start":{"line":51,"column":23},"end":{"line":51,"column":54}},"16":{"start":{"line":53,"column":23},"end":{"line":53,"column":54}},"17":{"start":{"line":55,"column":26},"end":{"line":55,"column":63}},"18":{"start":{"line":59,"column":0},"end":{"line":63,"column":2}}},"fnMap":{},"branchMap":{},"s":{"0":0,"1":0,"2":0,"3":0,"4":0,"5":0,"6":0,"7":0,"8":0,"9":0,"10":0,"11":0,"12":0,"13":0,"14":0,"15":0,"16":0,"17":0,"18":0},"f":{},"b":{}}
,"C:\\Informatique\\FullStack\\NodeJs\\j8\\src\\config\\db.js": {"path":"C:\\Informatique\\FullStack\\NodeJs\\j8\\src\\config\\db.js","statementMap":{"0":{"start":{"line":1,"column":23},"end":{"line":1,"column":41}},"1":{"start":{"line":2,"column":13},"end":{"line":2,"column":40}},"2":{"start":{"line":3,"column":16},"end":{"line":3,"column":46}},"3":{"start":{"line":4,"column":16},"end":{"line":4,"column":46}},"4":{"start":{"line":7,"column":17},"end":{"line":25,"column":5}},"5":{"start":{"line":27,"column":22},"end":{"line":27,"column":46}},"6":{"start":{"line":29,"column":0},"end":{"line":29,"column":31}}},"fnMap":{},"branchMap":{"0":{"loc":{"start":{"line":7,"column":17},"end":{"line":25,"column":5}},"type":"cond-expr","locations":[{"start":{"line":8,"column":4},"end":{"line":18,"column":5}},{"start":{"line":19,"column":4},"end":{"line":25,"column":5}}],"line":7},"1":{"loc":{"start":{"line":10,"column":12},"end":{"line":10,"column":46}},"type":"binary-expr","locations":[{"start":{"line":10,"column":12},"end":{"line":10,"column":31}},{"start":{"line":10,"column":35},"end":{"line":10,"column":46}}],"line":10},"2":{"loc":{"start":{"line":11,"column":12},"end":{"line":11,"column":49}},"type":"binary-expr","locations":[{"start":{"line":11,"column":12},"end":{"line":11,"column":41}},{"start":{"line":11,"column":45},"end":{"line":11,"column":49}}],"line":11},"3":{"loc":{"start":{"line":12,"column":16},"end":{"line":12,"column":49}},"type":"binary-expr","locations":[{"start":{"line":12,"column":16},"end":{"line":12,"column":39}},{"start":{"line":12,"column":43},"end":{"line":12,"column":49}}],"line":12},"4":{"loc":{"start":{"line":13,"column":16},"end":{"line":13,"column":53}},"type":"binary-expr","locations":[{"start":{"line":13,"column":16},"end":{"line":13,"column":39}},{"start":{"line":13,"column":43},"end":{"line":13,"column":53}}],"line":13},"5":{"loc":{"start":{"line":14,"column":16},"end":{"line":14,"column":52}},"type":"binary-expr","locations":[{"start":{"line":14,"column":16},"end":{"line":14,"column":39}},{"start":{"line":14,"column":43},"end":{"line":14,"column":52}}],"line":14}},"s":{"0":1,"1":1,"2":1,"3":1,"4":1,"5":1,"6":1},"f":{},"b":{"0":[0,1],"1":[0,0],"2":[0,0],"3":[0,0],"4":[0,0],"5":[0,0]},"_coverageSchema":"1a1c01bbd47fc00a2c39e90264f33305004495a9","hash":"69ea867f26943e44907f488f88e509932b1aca04"}
,"C:\\Informatique\\FullStack\\NodeJs\\j8\\src\\config\\jest.config.js": {"path":"C:\\Informatique\\FullStack\\NodeJs\\j8\\src\\config\\jest.config.js","statementMap":{"0":{"start":{"line":1,"column":0},"end":{"line":4,"column":1}}},"fnMap":{},"branchMap":{},"s":{"0":0},"f":{},"b":{}}
,"C:\\Informatique\\FullStack\\NodeJs\\j8\\src\\config\\passport.js": {"path":"C:\\Informatique\\FullStack\\NodeJs\\j8\\src\\config\\passport.js","statementMap":{"0":{"start":{"line":1,"column":17},"end":{"line":1,"column":36}},"1":{"start":{"line":2,"column":22},"end":{"line":2,"column":56}},"2":{"start":{"line":3,"column":15},"end":{"line":3,"column":34}},"3":{"start":{"line":4,"column":22},"end":{"line":4,"column":37}},"4":{"start":{"line":6,"column":0},"end":{"line":24,"column":4}},"5":{"start":{"line":7,"column":4},"end":{"line":23,"column":5}},"6":{"start":{"line":8,"column":31},"end":{"line":8,"column":66}},"7":{"start":{"line":9,"column":21},"end":{"line":9,"column":65}},"8":{"start":{"line":11,"column":8},"end":{"line":13,"column":9}},"9":{"start":{"line":12,"column":12},"end":{"line":12,"column":76}},"10":{"start":{"line":15,"column":24},"end":{"line":15,"column":69}},"11":{"start":{"line":16,"column":8},"end":{"line":18,"column":9}},"12":{"start":{"line":17,"column":12},"end":{"line":17,"column":76}},"13":{"start":{"line":20,"column":8},"end":{"line":20,"column":32}},"14":{"start":{"line":22,"column":8},"end":{"line":22,"column":25}},"15":{"start":{"line":26,"column":0},"end":{"line":28,"column":3}},"16":{"start":{"line":27,"column":4},"end":{"line":27,"column":24}},"17":{"start":{"line":30,"column":0},"end":{"line":38,"column":3}},"18":{"start":{"line":31,"column":4},"end":{"line":37,"column":5}},"19":{"start":{"line":32,"column":31},"end":{"line":32,"column":66}},"20":{"start":{"line":33,"column":21},"end":{"line":33,"column":59}},"21":{"start":{"line":34,"column":8},"end":{"line":34,"column":25}},"22":{"start":{"line":36,"column":8},"end":{"line":36,"column":18}},"23":{"start":{"line":40,"column":0},"end":{"line":40,"column":26}}},"fnMap":{"0":{"name":"(anonymous_0)","decl":{"start":{"line":6,"column":31},"end":{"line":6,"column":32}},"loc":{"start":{"line":6,"column":67},"end":{"line":24,"column":1}},"line":6},"1":{"name":"(anonymous_1)","decl":{"start":{"line":26,"column":23},"end":{"line":26,"column":24}},"loc":{"start":{"line":26,"column":39},"end":{"line":28,"column":1}},"line":26},"2":{"name":"(anonymous_2)","decl":{"start":{"line":30,"column":25},"end":{"line":30,"column":26}},"loc":{"start":{"line":30,"column":45},"end":{"line":38,"column":1}},"line":30}},"branchMap":{"0":{"loc":{"start":{"line":11,"column":8},"end":{"line":13,"column":9}},"type":"if","locations":[{"start":{"line":11,"column":8},"end":{"line":13,"column":9}},{"start":{},"end":{}}],"line":11},"1":{"loc":{"start":{"line":16,"column":8},"end":{"line":18,"column":9}},"type":"if","locations":[{"start":{"line":16,"column":8},"end":{"line":18,"column":9}},{"start":{},"end":{}}],"line":16}},"s":{"0":0,"1":0,"2":0,"3":0,"4":0,"5":0,"6":0,"7":0,"8":0,"9":0,"10":0,"11":0,"12":0,"13":0,"14":0,"15":0,"16":0,"17":0,"18":0,"19":0,"20":0,"21":0,"22":0,"23":0},"f":{"0":0,"1":0,"2":0},"b":{"0":[0,0],"1":[0,0]}}
,"C:\\Informatique\\FullStack\\NodeJs\\j8\\src\\config\\redis.js": {"path":"C:\\Informatique\\FullStack\\NodeJs\\j8\\src\\config\\redis.js","statementMap":{"0":{"start":{"line":1,"column":14},"end":{"line":1,"column":32}},"1":{"start":{"line":3,"column":14},"end":{"line":15,"column":2}},"2":{"start":{"line":8,"column":8},"end":{"line":11,"column":9}},"3":{"start":{"line":9,"column":12},"end":{"line":9,"column":81}},"4":{"start":{"line":10,"column":12},"end":{"line":10,"column":24}},"5":{"start":{"line":12,"column":8},"end":{"line":12,"column":42}},"6":{"start":{"line":17,"column":0},"end":{"line":19,"column":3}},"7":{"start":{"line":18,"column":4},"end":{"line":18,"column":33}},"8":{"start":{"line":21,"column":0},"end":{"line":27,"column":3}},"9":{"start":{"line":22,"column":4},"end":{"line":25,"column":5}},"10":{"start":{"line":24,"column":8},"end":{"line":24,"column":15}},"11":{"start":{"line":26,"column":4},"end":{"line":26,"column":39}},"12":{"start":{"line":29,"column":0},"end":{"line":29,"column":23}}},"fnMap":{"0":{"name":"(anonymous_0)","decl":{"start":{"line":6,"column":4},"end":{"line":6,"column":5}},"loc":{"start":{"line":6,"column":25},"end":{"line":13,"column":5}},"line":6},"1":{"name":"(anonymous_1)","decl":{"start":{"line":17,"column":20},"end":{"line":17,"column":21}},"loc":{"start":{"line":17,"column":26},"end":{"line":19,"column":1}},"line":17},"2":{"name":"(anonymous_2)","decl":{"start":{"line":21,"column":18},"end":{"line":21,"column":19}},"loc":{"start":{"line":21,"column":27},"end":{"line":27,"column":1}},"line":21}},"branchMap":{"0":{"loc":{"start":{"line":4,"column":10},"end":{"line":4,"column":47}},"type":"binary-expr","locations":[{"start":{"line":4,"column":10},"end":{"line":4,"column":32}},{"start":{"line":4,"column":36},"end":{"line":4,"column":47}}],"line":4},"1":{"loc":{"start":{"line":5,"column":10},"end":{"line":5,"column":40}},"type":"binary-expr","locations":[{"start":{"line":5,"column":10},"end":{"line":5,"column":32}},{"start":{"line":5,"column":36},"end":{"line":5,"column":40}}],"line":5},"2":{"loc":{"start":{"line":8,"column":8},"end":{"line":11,"column":9}},"type":"if","locations":[{"start":{"line":8,"column":8},"end":{"line":11,"column":9}},{"start":{},"end":{}}],"line":8},"3":{"loc":{"start":{"line":22,"column":4},"end":{"line":25,"column":5}},"type":"if","locations":[{"start":{"line":22,"column":4},"end":{"line":25,"column":5}},{"start":{},"end":{}}],"line":22}},"s":{"0":1,"1":1,"2":0,"3":0,"4":0,"5":0,"6":1,"7":1,"8":1,"9":0,"10":0,"11":0,"12":1},"f":{"0":0,"1":1,"2":0},"b":{"0":[1,1],"1":[1,1],"2":[0,0],"3":[0,0]},"_coverageSchema":"1a1c01bbd47fc00a2c39e90264f33305004495a9","hash":"69fcaf69cf173fb757bf6d452ddbbae09ddc9784"}
,"C:\\Informatique\\FullStack\\NodeJs\\j8\\src\\controllers\\HeavyComputationController.js": {"path":"C:\\Informatique\\FullStack\\NodeJs\\j8\\src\\controllers\\HeavyComputationController.js","statementMap":{"0":{"start":{"line":23,"column":19},"end":{"line":23,"column":44}},"1":{"start":{"line":26,"column":13},"end":{"line":26,"column":28}},"2":{"start":{"line":29,"column":17},"end":{"line":29,"column":41}},"3":{"start":{"line":33,"column":4},"end":{"line":33,"column":67}},"4":{"start":{"line":35,"column":22},"end":{"line":35,"column":32}},"5":{"start":{"line":38,"column":4},"end":{"line":40,"column":5}},"6":{"start":{"line":38,"column":17},"end":{"line":38,"column":18}},"7":{"start":{"line":42,"column":20},"end":{"line":42,"column":30}},"8":{"start":{"line":43,"column":21},"end":{"line":43,"column":40}},"9":{"start":{"line":44,"column":4},"end":{"line":44,"column":52}},"10":{"start":{"line":46,"column":4},"end":{"line":46,"column":27}},"11":{"start":{"line":51,"column":4},"end":{"line":51,"column":60}},"12":{"start":{"line":52,"column":18},"end":{"line":52,"column":28}},"13":{"start":{"line":56,"column":23},"end":{"line":56,"column":70}},"14":{"start":{"line":60,"column":19},"end":{"line":62,"column":6}},"15":{"start":{"line":66,"column":4},"end":{"line":76,"column":7}},"16":{"start":{"line":67,"column":23},"end":{"line":67,"column":41}},"17":{"start":{"line":68,"column":6},"end":{"line":68,"column":69}},"18":{"start":{"line":69,"column":6},"end":{"line":75,"column":9}},"19":{"start":{"line":79,"column":4},"end":{"line":82,"column":7}},"20":{"start":{"line":80,"column":6},"end":{"line":80,"column":25}},"21":{"start":{"line":81,"column":6},"end":{"line":81,"column":51}},"22":{"start":{"line":85,"column":4},"end":{"line":89,"column":7}},"23":{"start":{"line":86,"column":6},"end":{"line":88,"column":71}},"24":{"start":{"line":87,"column":8},"end":{"line":87,"column":76}},"25":{"start":{"line":88,"column":11},"end":{"line":88,"column":71}},"26":{"start":{"line":94,"column":4},"end":{"line":94,"column":74}},"27":{"start":{"line":98,"column":20},"end":{"line":98,"column":67}},"28":{"start":{"line":102,"column":4},"end":{"line":130,"column":7}},"29":{"start":{"line":106,"column":6},"end":{"line":112,"column":7}},"30":{"start":{"line":107,"column":8},"end":{"line":107,"column":81}},"31":{"start":{"line":108,"column":8},"end":{"line":111,"column":11}},"32":{"start":{"line":117,"column":6},"end":{"line":119,"column":7}},"33":{"start":{"line":118,"column":8},"end":{"line":118,"column":58}},"34":{"start":{"line":120,"column":6},"end":{"line":120,"column":65}},"35":{"start":{"line":124,"column":6},"end":{"line":129,"column":9}},"36":{"start":{"line":155,"column":0},"end":{"line":155,"column":44}}},"fnMap":{"0":{"name":"(anonymous_0)","decl":{"start":{"line":32,"column":2},"end":{"line":32,"column":3}},"loc":{"start":{"line":32,"column":38},"end":{"line":47,"column":3}},"line":32},"1":{"name":"(anonymous_1)","decl":{"start":{"line":50,"column":2},"end":{"line":50,"column":3}},"loc":{"start":{"line":50,"column":36},"end":{"line":91,"column":3}},"line":50},"2":{"name":"(anonymous_2)","decl":{"start":{"line":66,"column":25},"end":{"line":66,"column":26}},"loc":{"start":{"line":66,"column":37},"end":{"line":76,"column":5}},"line":66},"3":{"name":"(anonymous_3)","decl":{"start":{"line":79,"column":23},"end":{"line":79,"column":24}},"loc":{"start":{"line":79,"column":32},"end":{"line":82,"column":5}},"line":79},"4":{"name":"(anonymous_4)","decl":{"start":{"line":85,"column":22},"end":{"line":85,"column":23}},"loc":{"start":{"line":85,"column":32},"end":{"line":89,"column":5}},"line":85},"5":{"name":"(anonymous_5)","decl":{"start":{"line":93,"column":2},"end":{"line":93,"column":3}},"loc":{"start":{"line":93,"column":34},"end":{"line":131,"column":3}},"line":93},"6":{"name":"(anonymous_6)","decl":{"start":{"line":102,"column":18},"end":{"line":102,"column":19}},"loc":{"start":{"line":102,"column":45},"end":{"line":130,"column":5}},"line":102}},"branchMap":{"0":{"loc":{"start":{"line":86,"column":6},"end":{"line":88,"column":71}},"type":"if","locations":[{"start":{"line":86,"column":6},"end":{"line":88,"column":71}},{"start":{"line":88,"column":11},"end":{"line":88,"column":71}}],"line":86},"1":{"loc":{"start":{"line":98,"column":20},"end":{"line":98,"column":67}},"type":"cond-expr","locations":[{"start":{"line":98,"column":51},"end":{"line":98,"column":56}},{"start":{"line":98,"column":59},"end":{"line":98,"column":67}}],"line":98},"2":{"loc":{"start":{"line":106,"column":6},"end":{"line":112,"column":7}},"type":"if","locations":[{"start":{"line":106,"column":6},"end":{"line":112,"column":7}},{"start":{},"end":{}}],"line":106},"3":{"loc":{"start":{"line":117,"column":6},"end":{"line":119,"column":7}},"type":"if","locations":[{"start":{"line":117,"column":6},"end":{"line":119,"column":7}},{"start":{},"end":{}}],"line":117}},"s":{"0":1,"1":1,"2":1,"3":0,"4":0,"5":0,"6":0,"7":0,"8":0,"9":0,"10":0,"11":0,"12":0,"13":0,"14":0,"15":0,"16":0,"17":0,"18":0,"19":0,"20":0,"21":0,"22":0,"23":0,"24":0,"25":0,"26":0,"27":0,"28":0,"29":0,"30":0,"31":0,"32":0,"33":0,"34":0,"35":0,"36":1},"f":{"0":0,"1":0,"2":0,"3":0,"4":0,"5":0,"6":0},"b":{"0":[0,0],"1":[0,0],"2":[0,0],"3":[0,0]},"_coverageSchema":"1a1c01bbd47fc00a2c39e90264f33305004495a9","hash":"b84d507d461acaf916b92e6aa5741a4d38652ba2"}
,"C:\\Informatique\\FullStack\\NodeJs\\j8\\src\\controllers\\ProductController.js": {"path":"C:\\Informatique\\FullStack\\NodeJs\\j8\\src\\controllers\\ProductController.js","statementMap":{"0":{"start":{"line":4,"column":23},"end":{"line":4,"column":56}},"1":{"start":{"line":8,"column":4},"end":{"line":8,"column":19}},"2":{"start":{"line":13,"column":4},"end":{"line":13,"column":43}},"3":{"start":{"line":16,"column":4},"end":{"line":16,"column":27}},"4":{"start":{"line":21,"column":4},"end":{"line":21,"column":46}},"5":{"start":{"line":22,"column":4},"end":{"line":22,"column":80}},"6":{"start":{"line":26,"column":4},"end":{"line":26,"column":43}},"7":{"start":{"line":30,"column":0},"end":{"line":30,"column":35}}},"fnMap":{"0":{"name":"(anonymous_0)","decl":{"start":{"line":7,"column":2},"end":{"line":7,"column":3}},"loc":{"start":{"line":7,"column":23},"end":{"line":9,"column":3}},"line":7},"1":{"name":"(anonymous_1)","decl":{"start":{"line":10,"column":2},"end":{"line":10,"column":3}},"loc":{"start":{"line":10,"column":33},"end":{"line":17,"column":3}},"line":10},"2":{"name":"(anonymous_2)","decl":{"start":{"line":19,"column":2},"end":{"line":19,"column":3}},"loc":{"start":{"line":19,"column":33},"end":{"line":27,"column":3}},"line":19}},"branchMap":{},"s":{"0":1,"1":1,"2":0,"3":0,"4":0,"5":0,"6":0,"7":1},"f":{"0":1,"1":0,"2":0},"b":{},"_coverageSchema":"1a1c01bbd47fc00a2c39e90264f33305004495a9","hash":"7cf5879bedad7167fa7f7afc3b841ce76ce4ca1c"}
,"C:\\Informatique\\FullStack\\NodeJs\\j8\\src\\controllers\\UserController.js": {"path":"C:\\Informatique\\FullStack\\NodeJs\\j8\\src\\controllers\\UserController.js","statementMap":{"0":{"start":{"line":3,"column":23},"end":{"line":3,"column":56}},"1":{"start":{"line":8,"column":4},"end":{"line":8,"column":19}},"2":{"start":{"line":14,"column":0},"end":{"line":14,"column":32}}},"fnMap":{"0":{"name":"(anonymous_0)","decl":{"start":{"line":6,"column":2},"end":{"line":6,"column":3}},"loc":{"start":{"line":6,"column":23},"end":{"line":9,"column":3}},"line":6}},"branchMap":{},"s":{"0":0,"1":0,"2":0},"f":{"0":0},"b":{}}
,"C:\\Informatique\\FullStack\\NodeJs\\j8\\src\\controllers\\auth.controller.js": {"path":"C:\\Informatique\\FullStack\\NodeJs\\j8\\src\\controllers\\auth.controller.js","statementMap":{"0":{"start":{"line":7,"column":15},"end":{"line":7,"column":34}},"1":{"start":{"line":8,"column":22},"end":{"line":8,"column":45}},"2":{"start":{"line":9,"column":23},"end":{"line":9,"column":56}},"3":{"start":{"line":13,"column":4},"end":{"line":13,"column":23}},"4":{"start":{"line":14,"column":4},"end":{"line":14,"column":35}},"5":{"start":{"line":18,"column":35},"end":{"line":18,"column":43}},"6":{"start":{"line":20,"column":4},"end":{"line":35,"column":5}},"7":{"start":{"line":22,"column":21},"end":{"line":22,"column":72}},"8":{"start":{"line":24,"column":6},"end":{"line":24,"column":42}},"9":{"start":{"line":27,"column":6},"end":{"line":29,"column":7}},"10":{"start":{"line":28,"column":8},"end":{"line":28,"column":64}},"11":{"start":{"line":30,"column":6},"end":{"line":32,"column":7}},"12":{"start":{"line":31,"column":8},"end":{"line":31,"column":64}},"13":{"start":{"line":34,"column":6},"end":{"line":34,"column":18}},"14":{"start":{"line":41,"column":4},"end":{"line":41,"column":63}},"15":{"start":{"line":45,"column":4},"end":{"line":47,"column":5}},"16":{"start":{"line":46,"column":6},"end":{"line":46,"column":63}},"17":{"start":{"line":48,"column":4},"end":{"line":48,"column":23}},"18":{"start":{"line":49,"column":4},"end":{"line":49,"column":29}},"19":{"start":{"line":53,"column":4},"end":{"line":58,"column":7}},"20":{"start":{"line":54,"column":6},"end":{"line":56,"column":7}},"21":{"start":{"line":55,"column":8},"end":{"line":55,"column":25}},"22":{"start":{"line":57,"column":6},"end":{"line":57,"column":42}},"23":{"start":{"line":62,"column":0},"end":{"line":62,"column":32}}},"fnMap":{"0":{"name":"(anonymous_0)","decl":{"start":{"line":12,"column":2},"end":{"line":12,"column":3}},"loc":{"start":{"line":12,"column":27},"end":{"line":15,"column":3}},"line":12},"1":{"name":"(anonymous_1)","decl":{"start":{"line":17,"column":2},"end":{"line":17,"column":3}},"loc":{"start":{"line":17,"column":27},"end":{"line":36,"column":3}},"line":17},"2":{"name":"(anonymous_2)","decl":{"start":{"line":38,"column":2},"end":{"line":38,"column":3}},"loc":{"start":{"line":38,"column":18},"end":{"line":42,"column":3}},"line":38},"3":{"name":"(anonymous_3)","decl":{"start":{"line":44,"column":2},"end":{"line":44,"column":3}},"loc":{"start":{"line":44,"column":23},"end":{"line":50,"column":3}},"line":44},"4":{"name":"(anonymous_4)","decl":{"start":{"line":52,"column":2},"end":{"line":52,"column":3}},"loc":{"start":{"line":52,"column":25},"end":{"line":59,"column":3}},"line":52},"5":{"name":"(anonymous_5)","decl":{"start":{"line":53,"column":15},"end":{"line":53,"column":16}},"loc":{"start":{"line":53,"column":24},"end":{"line":58,"column":5}},"line":53}},"branchMap":{"0":{"loc":{"start":{"line":27,"column":6},"end":{"line":29,"column":7}},"type":"if","locations":[{"start":{"line":27,"column":6},"end":{"line":29,"column":7}},{"start":{},"end":{}}],"line":27},"1":{"loc":{"start":{"line":30,"column":6},"end":{"line":32,"column":7}},"type":"if","locations":[{"start":{"line":30,"column":6},"end":{"line":32,"column":7}},{"start":{},"end":{}}],"line":30},"2":{"loc":{"start":{"line":45,"column":4},"end":{"line":47,"column":5}},"type":"if","locations":[{"start":{"line":45,"column":4},"end":{"line":47,"column":5}},{"start":{},"end":{}}],"line":45},"3":{"loc":{"start":{"line":54,"column":6},"end":{"line":56,"column":7}},"type":"if","locations":[{"start":{"line":54,"column":6},"end":{"line":56,"column":7}},{"start":{},"end":{}}],"line":54}},"s":{"0":0,"1":0,"2":0,"3":0,"4":0,"5":0,"6":0,"7":0,"8":0,"9":0,"10":0,"11":0,"12":0,"13":0,"14":0,"15":0,"16":0,"17":0,"18":0,"19":0,"20":0,"21":0,"22":0,"23":0},"f":{"0":0,"1":0,"2":0,"3":0,"4":0,"5":0},"b":{"0":[0,0],"1":[0,0],"2":[0,0],"3":[0,0]}}
,"C:\\Informatique\\FullStack\\NodeJs\\j8\\src\\controllers\\scraping.controller.js": {"path":"C:\\Informatique\\FullStack\\NodeJs\\j8\\src\\controllers\\scraping.controller.js","statementMap":{"0":{"start":{"line":1,"column":24},"end":{"line":1,"column":63}},"1":{"start":{"line":5,"column":8},"end":{"line":21,"column":9}},"2":{"start":{"line":6,"column":28},"end":{"line":6,"column":36}},"3":{"start":{"line":8,"column":12},"end":{"line":10,"column":13}},"4":{"start":{"line":9,"column":16},"end":{"line":9,"column":74}},"5":{"start":{"line":12,"column":27},"end":{"line":12,"column":68}},"6":{"start":{"line":14,"column":12},"end":{"line":17,"column":15}},"7":{"start":{"line":19,"column":12},"end":{"line":19,"column":54}},"8":{"start":{"line":20,"column":12},"end":{"line":20,"column":87}},"9":{"start":{"line":25,"column":0},"end":{"line":25,"column":42}}},"fnMap":{"0":{"name":"(anonymous_0)","decl":{"start":{"line":4,"column":4},"end":{"line":4,"column":5}},"loc":{"start":{"line":4,"column":27},"end":{"line":22,"column":5}},"line":4}},"branchMap":{"0":{"loc":{"start":{"line":8,"column":12},"end":{"line":10,"column":13}},"type":"if","locations":[{"start":{"line":8,"column":12},"end":{"line":10,"column":13}},{"start":{},"end":{}}],"line":8}},"s":{"0":1,"1":0,"2":0,"3":0,"4":0,"5":0,"6":0,"7":0,"8":0,"9":1},"f":{"0":0},"b":{"0":[0,0]},"_coverageSchema":"1a1c01bbd47fc00a2c39e90264f33305004495a9","hash":"7b6e01143cd4b8ddf96efab905d899680032d53e"}
,"C:\\Informatique\\FullStack\\NodeJs\\j8\\src\\core\\BaseController.js": {"path":"C:\\Informatique\\FullStack\\NodeJs\\j8\\src\\core\\BaseController.js","statementMap":{"0":{"start":{"line":14,"column":4},"end":{"line":14,"column":27}},"1":{"start":{"line":24,"column":4},"end":{"line":33,"column":6}},"2":{"start":{"line":25,"column":6},"end":{"line":32,"column":7}},"3":{"start":{"line":28,"column":8},"end":{"line":28,"column":43}},"4":{"start":{"line":31,"column":8},"end":{"line":31,"column":20}},"5":{"start":{"line":38,"column":18},"end":{"line":38,"column":46}},"6":{"start":{"line":40,"column":4},"end":{"line":40,"column":20}},"7":{"start":{"line":44,"column":19},"end":{"line":44,"column":29}},"8":{"start":{"line":46,"column":17},"end":{"line":46,"column":48}},"9":{"start":{"line":48,"column":4},"end":{"line":50,"column":5}},"10":{"start":{"line":49,"column":8},"end":{"line":49,"column":78}},"11":{"start":{"line":52,"column":4},"end":{"line":52,"column":19}},"12":{"start":{"line":57,"column":17},"end":{"line":57,"column":52}},"13":{"start":{"line":59,"column":4},"end":{"line":59,"column":38}},"14":{"start":{"line":63,"column":19},"end":{"line":63,"column":29}},"15":{"start":{"line":65,"column":17},"end":{"line":65,"column":56}},"16":{"start":{"line":67,"column":4},"end":{"line":67,"column":26}},"17":{"start":{"line":71,"column":19},"end":{"line":71,"column":29}},"18":{"start":{"line":73,"column":4},"end":{"line":73,"column":34}},"19":{"start":{"line":75,"column":4},"end":{"line":75,"column":33}},"20":{"start":{"line":79,"column":0},"end":{"line":79,"column":32}}},"fnMap":{"0":{"name":"(anonymous_0)","decl":{"start":{"line":12,"column":2},"end":{"line":12,"column":3}},"loc":{"start":{"line":12,"column":23},"end":{"line":15,"column":3}},"line":12},"1":{"name":"(anonymous_1)","decl":{"start":{"line":23,"column":2},"end":{"line":23,"column":3}},"loc":{"start":{"line":23,"column":24},"end":{"line":34,"column":3}},"line":23},"2":{"name":"(anonymous_2)","decl":{"start":{"line":24,"column":11},"end":{"line":24,"column":12}},"loc":{"start":{"line":24,"column":37},"end":{"line":33,"column":5}},"line":24},"3":{"name":"(anonymous_3)","decl":{"start":{"line":36,"column":2},"end":{"line":36,"column":3}},"loc":{"start":{"line":36,"column":25},"end":{"line":41,"column":3}},"line":36},"4":{"name":"(anonymous_4)","decl":{"start":{"line":43,"column":2},"end":{"line":43,"column":3}},"loc":{"start":{"line":43,"column":26},"end":{"line":53,"column":3}},"line":43},"5":{"name":"(anonymous_5)","decl":{"start":{"line":55,"column":2},"end":{"line":55,"column":3}},"loc":{"start":{"line":55,"column":25},"end":{"line":60,"column":3}},"line":55},"6":{"name":"(anonymous_6)","decl":{"start":{"line":62,"column":2},"end":{"line":62,"column":3}},"loc":{"start":{"line":62,"column":25},"end":{"line":68,"column":3}},"line":62},"7":{"name":"(anonymous_7)","decl":{"start":{"line":70,"column":2},"end":{"line":70,"column":3}},"loc":{"start":{"line":70,"column":25},"end":{"line":76,"column":3}},"line":70}},"branchMap":{"0":{"loc":{"start":{"line":48,"column":4},"end":{"line":50,"column":5}},"type":"if","locations":[{"start":{"line":48,"column":4},"end":{"line":50,"column":5}},{"start":{},"end":{}}],"line":48}},"s":{"0":1,"1":5,"2":3,"3":3,"4":1,"5":3,"6":2,"7":0,"8":0,"9":0,"10":0,"11":0,"12":0,"13":0,"14":0,"15":0,"16":0,"17":0,"18":0,"19":0,"20":1},"f":{"0":1,"1":5,"2":3,"3":3,"4":0,"5":0,"6":0,"7":0},"b":{"0":[0,0]},"_coverageSchema":"1a1c01bbd47fc00a2c39e90264f33305004495a9","hash":"dad25f0459480328778ac3b63e03b16d90c3cd4b"}
,"C:\\Informatique\\FullStack\\NodeJs\\j8\\src\\core\\BaseRepository.js": {"path":"C:\\Informatique\\FullStack\\NodeJs\\j8\\src\\core\\BaseRepository.js","statementMap":{"0":{"start":{"line":16,"column":4},"end":{"line":16,"column":25}},"1":{"start":{"line":17,"column":4},"end":{"line":17,"column":33}},"2":{"start":{"line":23,"column":4},"end":{"line":23,"column":54}},"3":{"start":{"line":28,"column":4},"end":{"line":28,"column":41}},"4":{"start":{"line":33,"column":4},"end":{"line":33,"column":45}},"5":{"start":{"line":38,"column":19},"end":{"line":38,"column":41}},"6":{"start":{"line":40,"column":4},"end":{"line":40,"column":40}},"7":{"start":{"line":46,"column":4},"end":{"line":46,"column":37}},"8":{"start":{"line":48,"column":4},"end":{"line":48,"column":39}},"9":{"start":{"line":53,"column":19},"end":{"line":53,"column":45}},"10":{"start":{"line":56,"column":4},"end":{"line":58,"column":5}},"11":{"start":{"line":57,"column":8},"end":{"line":57,"column":59}},"12":{"start":{"line":60,"column":4},"end":{"line":60,"column":68}},"13":{"start":{"line":63,"column":0},"end":{"line":63,"column":32}}},"fnMap":{"0":{"name":"(anonymous_0)","decl":{"start":{"line":14,"column":2},"end":{"line":14,"column":3}},"loc":{"start":{"line":14,"column":34},"end":{"line":18,"column":3}},"line":14},"1":{"name":"(anonymous_1)","decl":{"start":{"line":21,"column":2},"end":{"line":21,"column":3}},"loc":{"start":{"line":21,"column":13},"end":{"line":24,"column":3}},"line":21},"2":{"name":"(anonymous_2)","decl":{"start":{"line":26,"column":2},"end":{"line":26,"column":3}},"loc":{"start":{"line":26,"column":30},"end":{"line":29,"column":3}},"line":26},"3":{"name":"(anonymous_3)","decl":{"start":{"line":31,"column":2},"end":{"line":31,"column":3}},"loc":{"start":{"line":31,"column":21},"end":{"line":34,"column":3}},"line":31},"4":{"name":"(anonymous_4)","decl":{"start":{"line":36,"column":2},"end":{"line":36,"column":3}},"loc":{"start":{"line":36,"column":21},"end":{"line":41,"column":3}},"line":36},"5":{"name":"(anonymous_5)","decl":{"start":{"line":43,"column":2},"end":{"line":43,"column":3}},"loc":{"start":{"line":43,"column":25},"end":{"line":49,"column":3}},"line":43},"6":{"name":"(anonymous_6)","decl":{"start":{"line":51,"column":2},"end":{"line":51,"column":3}},"loc":{"start":{"line":51,"column":19},"end":{"line":61,"column":3}},"line":51}},"branchMap":{"0":{"loc":{"start":{"line":26,"column":16},"end":{"line":26,"column":28}},"type":"default-arg","locations":[{"start":{"line":26,"column":26},"end":{"line":26,"column":28}}],"line":26},"1":{"loc":{"start":{"line":56,"column":4},"end":{"line":58,"column":5}},"type":"if","locations":[{"start":{"line":56,"column":4},"end":{"line":58,"column":5}},{"start":{},"end":{}}],"line":56}},"s":{"0":0,"1":0,"2":0,"3":0,"4":0,"5":0,"6":0,"7":0,"8":0,"9":0,"10":0,"11":0,"12":0,"13":0},"f":{"0":0,"1":0,"2":0,"3":0,"4":0,"5":0,"6":0},"b":{"0":[0],"1":[0,0]}}
,"C:\\Informatique\\FullStack\\NodeJs\\j8\\src\\core\\BaseService.js": {"path":"C:\\Informatique\\FullStack\\NodeJs\\j8\\src\\core\\BaseService.js","statementMap":{"0":{"start":{"line":16,"column":4},"end":{"line":16,"column":33}},"1":{"start":{"line":21,"column":4},"end":{"line":21,"column":43}},"2":{"start":{"line":26,"column":4},"end":{"line":26,"column":46}},"3":{"start":{"line":31,"column":4},"end":{"line":31,"column":46}},"4":{"start":{"line":36,"column":4},"end":{"line":36,"column":50}},"5":{"start":{"line":41,"column":4},"end":{"line":41,"column":44}},"6":{"start":{"line":45,"column":0},"end":{"line":45,"column":29}}},"fnMap":{"0":{"name":"(anonymous_0)","decl":{"start":{"line":14,"column":2},"end":{"line":14,"column":3}},"loc":{"start":{"line":14,"column":26},"end":{"line":17,"column":3}},"line":14},"1":{"name":"(anonymous_1)","decl":{"start":{"line":19,"column":2},"end":{"line":19,"column":3}},"loc":{"start":{"line":19,"column":18},"end":{"line":22,"column":3}},"line":19},"2":{"name":"(anonymous_2)","decl":{"start":{"line":24,"column":2},"end":{"line":24,"column":3}},"loc":{"start":{"line":24,"column":21},"end":{"line":27,"column":3}},"line":24},"3":{"name":"(anonymous_3)","decl":{"start":{"line":29,"column":2},"end":{"line":29,"column":3}},"loc":{"start":{"line":29,"column":21},"end":{"line":32,"column":3}},"line":29},"4":{"name":"(anonymous_4)","decl":{"start":{"line":34,"column":2},"end":{"line":34,"column":3}},"loc":{"start":{"line":34,"column":25},"end":{"line":37,"column":3}},"line":34},"5":{"name":"(anonymous_5)","decl":{"start":{"line":39,"column":2},"end":{"line":39,"column":3}},"loc":{"start":{"line":39,"column":19},"end":{"line":42,"column":3}},"line":39}},"branchMap":{},"s":{"0":0,"1":0,"2":0,"3":0,"4":0,"5":0,"6":0},"f":{"0":0,"1":0,"2":0,"3":0,"4":0,"5":0},"b":{}}
,"C:\\Informatique\\FullStack\\NodeJs\\j8\\src\\entities\\Message.js": {"path":"C:\\Informatique\\FullStack\\NodeJs\\j8\\src\\entities\\Message.js","statementMap":{"0":{"start":{"line":1,"column":25},"end":{"line":1,"column":43}},"1":{"start":{"line":3,"column":0},"end":{"line":32,"column":3}}},"fnMap":{},"branchMap":{},"s":{"0":1,"1":1},"f":{},"b":{},"_coverageSchema":"1a1c01bbd47fc00a2c39e90264f33305004495a9","hash":"72e87f265b33584fd32641c7f50be8804bb7974e"}
,"C:\\Informatique\\FullStack\\NodeJs\\j8\\src\\entities\\Product.js": {"path":"C:\\Informatique\\FullStack\\NodeJs\\j8\\src\\entities\\Product.js","statementMap":{"0":{"start":{"line":1,"column":25},"end":{"line":1,"column":43}},"1":{"start":{"line":3,"column":0},"end":{"line":32,"column":3}}},"fnMap":{},"branchMap":{},"s":{"0":1,"1":1},"f":{},"b":{},"_coverageSchema":"1a1c01bbd47fc00a2c39e90264f33305004495a9","hash":"0bc8e89335fff57b8c82bbd0908f56dbe35f8ee0"}
,"C:\\Informatique\\FullStack\\NodeJs\\j8\\src\\entities\\User.js": {"path":"C:\\Informatique\\FullStack\\NodeJs\\j8\\src\\entities\\User.js","statementMap":{"0":{"start":{"line":1,"column":25},"end":{"line":1,"column":43}},"1":{"start":{"line":3,"column":0},"end":{"line":20,"column":3}}},"fnMap":{},"branchMap":{},"s":{"0":1,"1":1},"f":{},"b":{},"_coverageSchema":"1a1c01bbd47fc00a2c39e90264f33305004495a9","hash":"200060710021c99092d1d9b6c0b1bf2553e99c47"}
,"C:\\Informatique\\FullStack\\NodeJs\\j8\\src\\middlewares\\cache.middleware.js": {"path":"C:\\Informatique\\FullStack\\NodeJs\\j8\\src\\middlewares\\cache.middleware.js","statementMap":{"0":{"start":{"line":1,"column":14},"end":{"line":1,"column":40}},"1":{"start":{"line":3,"column":14},"end":{"line":29,"column":1}},"2":{"start":{"line":4,"column":4},"end":{"line":28,"column":6}},"3":{"start":{"line":5,"column":20},"end":{"line":5,"column":57}},"4":{"start":{"line":7,"column":8},"end":{"line":27,"column":9}},"5":{"start":{"line":8,"column":31},"end":{"line":8,"column":51}},"6":{"start":{"line":10,"column":12},"end":{"line":13,"column":13}},"7":{"start":{"line":11,"column":16},"end":{"line":11,"column":52}},"8":{"start":{"line":12,"column":16},"end":{"line":12,"column":56}},"9":{"start":{"line":15,"column":12},"end":{"line":15,"column":49}},"10":{"start":{"line":17,"column":33},"end":{"line":17,"column":41}},"11":{"start":{"line":18,"column":12},"end":{"line":21,"column":14}},"12":{"start":{"line":19,"column":16},"end":{"line":19,"column":69}},"13":{"start":{"line":20,"column":16},"end":{"line":20,"column":45}},"14":{"start":{"line":23,"column":12},"end":{"line":23,"column":19}},"15":{"start":{"line":25,"column":12},"end":{"line":25,"column":53}},"16":{"start":{"line":26,"column":12},"end":{"line":26,"column":19}},"17":{"start":{"line":31,"column":0},"end":{"line":31,"column":23}}},"fnMap":{"0":{"name":"(anonymous_0)","decl":{"start":{"line":3,"column":14},"end":{"line":3,"column":15}},"loc":{"start":{"line":3,"column":28},"end":{"line":29,"column":1}},"line":3},"1":{"name":"(anonymous_1)","decl":{"start":{"line":4,"column":11},"end":{"line":4,"column":12}},"loc":{"start":{"line":4,"column":37},"end":{"line":28,"column":5}},"line":4},"2":{"name":"(anonymous_2)","decl":{"start":{"line":18,"column":23},"end":{"line":18,"column":24}},"loc":{"start":{"line":18,"column":33},"end":{"line":21,"column":13}},"line":18}},"branchMap":{"0":{"loc":{"start":{"line":5,"column":29},"end":{"line":5,"column":55}},"type":"binary-expr","locations":[{"start":{"line":5,"column":29},"end":{"line":5,"column":44}},{"start":{"line":5,"column":48},"end":{"line":5,"column":55}}],"line":5},"1":{"loc":{"start":{"line":10,"column":12},"end":{"line":13,"column":13}},"type":"if","locations":[{"start":{"line":10,"column":12},"end":{"line":13,"column":13}},{"start":{},"end":{}}],"line":10}},"s":{"0":1,"1":1,"2":1,"3":0,"4":0,"5":0,"6":0,"7":0,"8":0,"9":0,"10":0,"11":0,"12":0,"13":0,"14":0,"15":0,"16":0,"17":1},"f":{"0":1,"1":0,"2":0},"b":{"0":[0,0],"1":[0,0]},"_coverageSchema":"1a1c01bbd47fc00a2c39e90264f33305004495a9","hash":"5c58010cb9a37bc9064c252b5147b49a3f0729e6"}
,"C:\\Informatique\\FullStack\\NodeJs\\j8\\src\\repositories\\ProductRepository.js": {"path":"C:\\Informatique\\FullStack\\NodeJs\\j8\\src\\repositories\\ProductRepository.js","statementMap":{"0":{"start":{"line":1,"column":23},"end":{"line":1,"column":56}},"1":{"start":{"line":5,"column":4},"end":{"line":5,"column":33}},"2":{"start":{"line":10,"column":0},"end":{"line":10,"column":35}}},"fnMap":{"0":{"name":"(anonymous_0)","decl":{"start":{"line":4,"column":2},"end":{"line":4,"column":3}},"loc":{"start":{"line":4,"column":26},"end":{"line":6,"column":3}},"line":4}},"branchMap":{},"s":{"0":0,"1":0,"2":0},"f":{"0":0},"b":{}}
,"C:\\Informatique\\FullStack\\NodeJs\\j8\\src\\repositories\\UserRepository.js": {"path":"C:\\Informatique\\FullStack\\NodeJs\\j8\\src\\repositories\\UserRepository.js","statementMap":{"0":{"start":{"line":3,"column":23},"end":{"line":3,"column":56}},"1":{"start":{"line":8,"column":4},"end":{"line":8,"column":30}},"2":{"start":{"line":13,"column":4},"end":{"line":13,"column":51}},"3":{"start":{"line":20,"column":0},"end":{"line":20,"column":32}}},"fnMap":{"0":{"name":"(anonymous_0)","decl":{"start":{"line":6,"column":2},"end":{"line":6,"column":3}},"loc":{"start":{"line":6,"column":26},"end":{"line":9,"column":3}},"line":6},"1":{"name":"(anonymous_1)","decl":{"start":{"line":12,"column":2},"end":{"line":12,"column":3}},"loc":{"start":{"line":12,"column":33},"end":{"line":14,"column":3}},"line":12}},"branchMap":{},"s":{"0":0,"1":0,"2":0,"3":0},"f":{"0":0,"1":0},"b":{}}
,"C:\\Informatique\\FullStack\\NodeJs\\j8\\src\\routes\\auth.routes.js": {"path":"C:\\Informatique\\FullStack\\NodeJs\\j8\\src\\routes\\auth.routes.js","statementMap":{"0":{"start":{"line":1,"column":16},"end":{"line":1,"column":34}},"1":{"start":{"line":2,"column":17},"end":{"line":2,"column":36}},"2":{"start":{"line":3,"column":15},"end":{"line":3,"column":31}},"3":{"start":{"line":6,"column":43},"end":{"line":6,"column":66}},"4":{"start":{"line":8,"column":0},"end":{"line":8,"column":71}},"5":{"start":{"line":9,"column":0},"end":{"line":9,"column":97}},"6":{"start":{"line":10,"column":0},"end":{"line":10,"column":67}},"7":{"start":{"line":12,"column":0},"end":{"line":15,"column":3}},"8":{"start":{"line":13,"column":4},"end":{"line":13,"column":34}},"9":{"start":{"line":14,"column":4},"end":{"line":14,"column":20}},"10":{"start":{"line":19,"column":0},"end":{"line":19,"column":61}},"11":{"start":{"line":22,"column":0},"end":{"line":22,"column":62}},"12":{"start":{"line":25,"column":0},"end":{"line":25,"column":66}},"13":{"start":{"line":28,"column":0},"end":{"line":28,"column":68}},"14":{"start":{"line":30,"column":0},"end":{"line":30,"column":24}}},"fnMap":{"0":{"name":"(anonymous_0)","decl":{"start":{"line":12,"column":23},"end":{"line":12,"column":24}},"loc":{"start":{"line":12,"column":37},"end":{"line":15,"column":1}},"line":12}},"branchMap":{},"s":{"0":1,"1":1,"2":1,"3":1,"4":1,"5":1,"6":1,"7":1,"8":0,"9":0,"10":1,"11":1,"12":1,"13":1,"14":1},"f":{"0":0},"b":{},"_coverageSchema":"1a1c01bbd47fc00a2c39e90264f33305004495a9","hash":"0c4ef77d3f8ff9702857992d56846bbf58eed831"}
,"C:\\Informatique\\FullStack\\NodeJs\\j8\\src\\routes\\heavy.routes.js": {"path":"C:\\Informatique\\FullStack\\NodeJs\\j8\\src\\routes\\heavy.routes.js","statementMap":{"0":{"start":{"line":1,"column":16},"end":{"line":1,"column":34}},"1":{"start":{"line":2,"column":15},"end":{"line":2,"column":31}},"2":{"start":{"line":3,"column":35},"end":{"line":3,"column":87}},"3":{"start":{"line":5,"column":0},"end":{"line":5,"column":76}},"4":{"start":{"line":7,"column":0},"end":{"line":7,"column":72}},"5":{"start":{"line":9,"column":0},"end":{"line":9,"column":63}},"6":{"start":{"line":11,"column":0},"end":{"line":11,"column":24}}},"fnMap":{},"branchMap":{},"s":{"0":1,"1":1,"2":1,"3":1,"4":1,"5":1,"6":1},"f":{},"b":{},"_coverageSchema":"1a1c01bbd47fc00a2c39e90264f33305004495a9","hash":"7a74c50e35fa23f21b3a20bca72c9375733b9626"}
,"C:\\Informatique\\FullStack\\NodeJs\\j8\\src\\routes\\product.routes.js": {"path":"C:\\Informatique\\FullStack\\NodeJs\\j8\\src\\routes\\product.routes.js","statementMap":{"0":{"start":{"line":1,"column":16},"end":{"line":1,"column":34}},"1":{"start":{"line":2,"column":15},"end":{"line":2,"column":31}},"2":{"start":{"line":3,"column":30},"end":{"line":3,"column":53}},"3":{"start":{"line":6,"column":0},"end":{"line":6,"column":59}},"4":{"start":{"line":7,"column":0},"end":{"line":7,"column":60}},"5":{"start":{"line":8,"column":0},"end":{"line":8,"column":63}},"6":{"start":{"line":9,"column":0},"end":{"line":9,"column":62}},"7":{"start":{"line":10,"column":0},"end":{"line":10,"column":65}},"8":{"start":{"line":13,"column":0},"end":{"line":13,"column":81}},"9":{"start":{"line":14,"column":0},"end":{"line":14,"column":80}},"10":{"start":{"line":16,"column":0},"end":{"line":16,"column":24}}},"fnMap":{},"branchMap":{},"s":{"0":1,"1":1,"2":1,"3":1,"4":1,"5":1,"6":1,"7":1,"8":1,"9":1,"10":1},"f":{},"b":{},"_coverageSchema":"1a1c01bbd47fc00a2c39e90264f33305004495a9","hash":"0f39a9cb796da98146e9dcbaee38a341c54a0deb"}
,"C:\\Informatique\\FullStack\\NodeJs\\j8\\src\\routes\\scraping.routes.js": {"path":"C:\\Informatique\\FullStack\\NodeJs\\j8\\src\\routes\\scraping.routes.js","statementMap":{"0":{"start":{"line":1,"column":16},"end":{"line":1,"column":34}},"1":{"start":{"line":2,"column":15},"end":{"line":2,"column":31}},"2":{"start":{"line":3,"column":27},"end":{"line":3,"column":72}},"3":{"start":{"line":5,"column":0},"end":{"line":5,"column":50}},"4":{"start":{"line":7,"column":0},"end":{"line":7,"column":24}}},"fnMap":{},"branchMap":{},"s":{"0":1,"1":1,"2":1,"3":1,"4":1},"f":{},"b":{},"_coverageSchema":"1a1c01bbd47fc00a2c39e90264f33305004495a9","hash":"be76cd60ecb2617b4f8399f950d0b473ef7e121b"}
,"C:\\Informatique\\FullStack\\NodeJs\\j8\\src\\routes\\stats.routes.js": {"path":"C:\\Informatique\\FullStack\\NodeJs\\j8\\src\\routes\\stats.routes.js","statementMap":{"0":{"start":{"line":1,"column":16},"end":{"line":1,"column":34}},"1":{"start":{"line":2,"column":15},"end":{"line":2,"column":31}},"2":{"start":{"line":3,"column":14},"end":{"line":3,"column":56}},"3":{"start":{"line":5,"column":22},"end":{"line":9,"column":1}},"4":{"start":{"line":11,"column":0},"end":{"line":18,"column":3}},"5":{"start":{"line":12,"column":4},"end":{"line":12,"column":60}},"6":{"start":{"line":12,"column":33},"end":{"line":12,"column":58}},"7":{"start":{"line":14,"column":4},"end":{"line":17,"column":7}},"8":{"start":{"line":20,"column":0},"end":{"line":20,"column":24}}},"fnMap":{"0":{"name":"(anonymous_0)","decl":{"start":{"line":11,"column":32},"end":{"line":11,"column":33}},"loc":{"start":{"line":11,"column":52},"end":{"line":18,"column":1}},"line":11},"1":{"name":"(anonymous_1)","decl":{"start":{"line":12,"column":22},"end":{"line":12,"column":23}},"loc":{"start":{"line":12,"column":33},"end":{"line":12,"column":58}},"line":12}},"branchMap":{},"s":{"0":1,"1":1,"2":1,"3":1,"4":1,"5":0,"6":0,"7":0,"8":1},"f":{"0":0,"1":0},"b":{},"_coverageSchema":"1a1c01bbd47fc00a2c39e90264f33305004495a9","hash":"89502b6294009a17a7c6bd1b252fa627b49257be"}
,"C:\\Informatique\\FullStack\\NodeJs\\j8\\src\\services\\AuthService.js": {"path":"C:\\Informatique\\FullStack\\NodeJs\\j8\\src\\services\\AuthService.js","statementMap":{"0":{"start":{"line":10,"column":15},"end":{"line":10,"column":34}},"1":{"start":{"line":15,"column":4},"end":{"line":15,"column":41}},"2":{"start":{"line":20,"column":4},"end":{"line":22,"column":5}},"3":{"start":{"line":21,"column":6},"end":{"line":21,"column":53}},"4":{"start":{"line":24,"column":25},"end":{"line":24,"column":75}},"5":{"start":{"line":25,"column":4},"end":{"line":27,"column":5}},"6":{"start":{"line":26,"column":6},"end":{"line":26,"column":44}},"7":{"start":{"line":29,"column":27},"end":{"line":29,"column":58}},"8":{"start":{"line":31,"column":20},"end":{"line":34,"column":6}},"9":{"start":{"line":36,"column":4},"end":{"line":36,"column":19}},"10":{"start":{"line":41,"column":17},"end":{"line":41,"column":67}},"11":{"start":{"line":43,"column":4},"end":{"line":45,"column":5}},"12":{"start":{"line":44,"column":6},"end":{"line":44,"column":18}},"13":{"start":{"line":47,"column":28},"end":{"line":47,"column":73}},"14":{"start":{"line":49,"column":4},"end":{"line":51,"column":5}},"15":{"start":{"line":50,"column":6},"end":{"line":50,"column":18}},"16":{"start":{"line":53,"column":4},"end":{"line":53,"column":16}},"17":{"start":{"line":56,"column":0},"end":{"line":56,"column":29}}},"fnMap":{"0":{"name":"(anonymous_0)","decl":{"start":{"line":13,"column":2},"end":{"line":13,"column":3}},"loc":{"start":{"line":13,"column":30},"end":{"line":16,"column":3}},"line":13},"1":{"name":"(anonymous_1)","decl":{"start":{"line":18,"column":2},"end":{"line":18,"column":3}},"loc":{"start":{"line":18,"column":37},"end":{"line":37,"column":3}},"line":18},"2":{"name":"(anonymous_2)","decl":{"start":{"line":39,"column":2},"end":{"line":39,"column":3}},"loc":{"start":{"line":39,"column":41},"end":{"line":54,"column":3}},"line":39}},"branchMap":{"0":{"loc":{"start":{"line":20,"column":4},"end":{"line":22,"column":5}},"type":"if","locations":[{"start":{"line":20,"column":4},"end":{"line":22,"column":5}},{"start":{},"end":{}}],"line":20},"1":{"loc":{"start":{"line":20,"column":8},"end":{"line":20,"column":30}},"type":"binary-expr","locations":[{"start":{"line":20,"column":8},"end":{"line":20,"column":17}},{"start":{"line":20,"column":21},"end":{"line":20,"column":30}}],"line":20},"2":{"loc":{"start":{"line":25,"column":4},"end":{"line":27,"column":5}},"type":"if","locations":[{"start":{"line":25,"column":4},"end":{"line":27,"column":5}},{"start":{},"end":{}}],"line":25},"3":{"loc":{"start":{"line":43,"column":4},"end":{"line":45,"column":5}},"type":"if","locations":[{"start":{"line":43,"column":4},"end":{"line":45,"column":5}},{"start":{},"end":{}}],"line":43},"4":{"loc":{"start":{"line":49,"column":4},"end":{"line":51,"column":5}},"type":"if","locations":[{"start":{"line":49,"column":4},"end":{"line":51,"column":5}},{"start":{},"end":{}}],"line":49}},"s":{"0":1,"1":8,"2":5,"3":3,"4":2,"5":2,"6":1,"7":1,"8":1,"9":1,"10":3,"11":3,"12":1,"13":2,"14":2,"15":1,"16":1,"17":1},"f":{"0":8,"1":5,"2":3},"b":{"0":[3,2],"1":[5,3],"2":[1,1],"3":[1,2],"4":[1,1]},"_coverageSchema":"1a1c01bbd47fc00a2c39e90264f33305004495a9","hash":"c54050a25e9f25e6eb3076019a3385bf44254d9d"}
,"C:\\Informatique\\FullStack\\NodeJs\\j8\\src\\services\\UserService.js": {"path":"C:\\Informatique\\FullStack\\NodeJs\\j8\\src\\services\\UserService.js","statementMap":{"0":{"start":{"line":3,"column":20},"end":{"line":3,"column":50}},"1":{"start":{"line":8,"column":4},"end":{"line":8,"column":22}},"2":{"start":{"line":14,"column":0},"end":{"line":14,"column":29}}},"fnMap":{"0":{"name":"(anonymous_0)","decl":{"start":{"line":6,"column":2},"end":{"line":6,"column":3}},"loc":{"start":{"line":6,"column":26},"end":{"line":9,"column":3}},"line":6}},"branchMap":{},"s":{"0":0,"1":0,"2":0},"f":{"0":0},"b":{}}
,"C:\\Informatique\\FullStack\\NodeJs\\j8\\src\\services\\scraping.service.js": {"path":"C:\\Informatique\\FullStack\\NodeJs\\j8\\src\\services\\scraping.service.js","statementMap":{"0":{"start":{"line":1,"column":18},"end":{"line":1,"column":38}},"1":{"start":{"line":2,"column":11},"end":{"line":2,"column":24}},"2":{"start":{"line":3,"column":13},"end":{"line":3,"column":28}},"3":{"start":{"line":7,"column":8},"end":{"line":7,"column":28}},"4":{"start":{"line":8,"column":8},"end":{"line":8,"column":25}},"5":{"start":{"line":9,"column":8},"end":{"line":9,"column":77}},"6":{"start":{"line":13,"column":8},"end":{"line":16,"column":11}},"7":{"start":{"line":17,"column":8},"end":{"line":17,"column":49}},"8":{"start":{"line":18,"column":8},"end":{"line":18,"column":152}},"9":{"start":{"line":22,"column":8},"end":{"line":24,"column":9}},"10":{"start":{"line":23,"column":12},"end":{"line":23,"column":39}},"11":{"start":{"line":28,"column":21},"end":{"line":28,"column":70}},"12":{"start":{"line":29,"column":8},"end":{"line":29,"column":65}},"13":{"start":{"line":29,"column":38},"end":{"line":29,"column":63}},"14":{"start":{"line":33,"column":23},"end":{"line":33,"column":25}},"15":{"start":{"line":34,"column":8},"end":{"line":93,"column":9}},"16":{"start":{"line":35,"column":12},"end":{"line":35,"column":30}},"17":{"start":{"line":37,"column":30},"end":{"line":37,"column":31}},"18":{"start":{"line":38,"column":30},"end":{"line":38,"column":34}},"19":{"start":{"line":39,"column":29},"end":{"line":39,"column":32}},"20":{"start":{"line":41,"column":12},"end":{"line":41,"column":69}},"21":{"start":{"line":43,"column":12},"end":{"line":83,"column":13}},"22":{"start":{"line":44,"column":16},"end":{"line":44,"column":75}},"23":{"start":{"line":45,"column":16},"end":{"line":45,"column":80}},"24":{"start":{"line":48,"column":16},"end":{"line":48,"column":45}},"25":{"start":{"line":50,"column":37},"end":{"line":66,"column":18}},"26":{"start":{"line":51,"column":34},"end":{"line":51,"column":36}},"27":{"start":{"line":52,"column":44},"end":{"line":52,"column":92}},"28":{"start":{"line":54,"column":20},"end":{"line":64,"column":23}},"29":{"start":{"line":55,"column":38},"end":{"line":55,"column":99}},"30":{"start":{"line":56,"column":38},"end":{"line":56,"column":88}},"31":{"start":{"line":57,"column":38},"end":{"line":57,"column":111}},"32":{"start":{"line":59,"column":24},"end":{"line":63,"column":27}},"33":{"start":{"line":65,"column":20},"end":{"line":65,"column":33}},"34":{"start":{"line":68,"column":16},"end":{"line":68,"column":58}},"35":{"start":{"line":70,"column":32},"end":{"line":70,"column":100}},"36":{"start":{"line":70,"column":54},"end":{"line":70,"column":88}},"37":{"start":{"line":71,"column":16},"end":{"line":73,"column":17}},"38":{"start":{"line":72,"column":20},"end":{"line":72,"column":71}},"39":{"start":{"line":75,"column":35},"end":{"line":75,"column":65}},"40":{"start":{"line":76,"column":16},"end":{"line":82,"column":17}},"41":{"start":{"line":77,"column":36},"end":{"line":77,"column":87}},"42":{"start":{"line":77,"column":67},"end":{"line":77,"column":74}},"43":{"start":{"line":78,"column":20},"end":{"line":78,"column":41}},"44":{"start":{"line":79,"column":20},"end":{"line":79,"column":34}},"45":{"start":{"line":81,"column":20},"end":{"line":81,"column":40}},"46":{"start":{"line":85,"column":12},"end":{"line":85,"column":103}},"47":{"start":{"line":86,"column":12},"end":{"line":86,"column":69}},"48":{"start":{"line":89,"column":12},"end":{"line":89,"column":52}},"49":{"start":{"line":90,"column":12},"end":{"line":90,"column":24}},"50":{"start":{"line":92,"column":12},"end":{"line":92,"column":31}},"51":{"start":{"line":97,"column":0},"end":{"line":97,"column":39}}},"fnMap":{"0":{"name":"(anonymous_0)","decl":{"start":{"line":6,"column":4},"end":{"line":6,"column":5}},"loc":{"start":{"line":6,"column":18},"end":{"line":10,"column":5}},"line":6},"1":{"name":"(anonymous_1)","decl":{"start":{"line":12,"column":4},"end":{"line":12,"column":5}},"loc":{"start":{"line":12,"column":17},"end":{"line":19,"column":5}},"line":12},"2":{"name":"(anonymous_2)","decl":{"start":{"line":21,"column":4},"end":{"line":21,"column":5}},"loc":{"start":{"line":21,"column":18},"end":{"line":25,"column":5}},"line":21},"3":{"name":"(anonymous_3)","decl":{"start":{"line":27,"column":4},"end":{"line":27,"column":5}},"loc":{"start":{"line":27,"column":40},"end":{"line":30,"column":5}},"line":27},"4":{"name":"(anonymous_4)","decl":{"start":{"line":29,"column":27},"end":{"line":29,"column":28}},"loc":{"start":{"line":29,"column":38},"end":{"line":29,"column":63}},"line":29},"5":{"name":"(anonymous_5)","decl":{"start":{"line":32,"column":4},"end":{"line":32,"column":5}},"loc":{"start":{"line":32,"column":44},"end":{"line":94,"column":5}},"line":32},"6":{"name":"(anonymous_6)","decl":{"start":{"line":50,"column":62},"end":{"line":50,"column":63}},"loc":{"start":{"line":50,"column":68},"end":{"line":66,"column":17}},"line":50},"7":{"name":"(anonymous_7)","decl":{"start":{"line":54,"column":44},"end":{"line":54,"column":45}},"loc":{"start":{"line":54,"column":50},"end":{"line":64,"column":21}},"line":54},"8":{"name":"(anonymous_8)","decl":{"start":{"line":70,"column":49},"end":{"line":70,"column":50}},"loc":{"start":{"line":70,"column":54},"end":{"line":70,"column":88}},"line":70},"9":{"name":"(anonymous_9)","decl":{"start":{"line":77,"column":61},"end":{"line":77,"column":62}},"loc":{"start":{"line":77,"column":67},"end":{"line":77,"column":74}},"line":77}},"branchMap":{"0":{"loc":{"start":{"line":22,"column":8},"end":{"line":24,"column":9}},"type":"if","locations":[{"start":{"line":22,"column":8},"end":{"line":24,"column":9}},{"start":{},"end":{}}],"line":22},"1":{"loc":{"start":{"line":27,"column":16},"end":{"line":27,"column":26}},"type":"default-arg","locations":[{"start":{"line":27,"column":22},"end":{"line":27,"column":26}}],"line":27},"2":{"loc":{"start":{"line":27,"column":28},"end":{"line":27,"column":38}},"type":"default-arg","locations":[{"start":{"line":27,"column":34},"end":{"line":27,"column":38}}],"line":27},"3":{"loc":{"start":{"line":32,"column":30},"end":{"line":32,"column":42}},"type":"default-arg","locations":[{"start":{"line":32,"column":41},"end":{"line":32,"column":42}}],"line":32},"4":{"loc":{"start":{"line":43,"column":19},"end":{"line":43,"column":57}},"type":"binary-expr","locations":[{"start":{"line":43,"column":19},"end":{"line":43,"column":30}},{"start":{"line":43,"column":34},"end":{"line":43,"column":57}}],"line":43},"5":{"loc":{"start":{"line":55,"column":38},"end":{"line":55,"column":99}},"type":"binary-expr","locations":[{"start":{"line":55,"column":38},"end":{"line":55,"column":85}},{"start":{"line":55,"column":89},"end":{"line":55,"column":99}}],"line":55},"6":{"loc":{"start":{"line":56,"column":38},"end":{"line":56,"column":88}},"type":"binary-expr","locations":[{"start":{"line":56,"column":38},"end":{"line":56,"column":81}},{"start":{"line":56,"column":85},"end":{"line":56,"column":88}}],"line":56},"7":{"loc":{"start":{"line":57,"column":38},"end":{"line":57,"column":111}},"type":"binary-expr","locations":[{"start":{"line":57,"column":38},"end":{"line":57,"column":98}},{"start":{"line":57,"column":102},"end":{"line":57,"column":111}}],"line":57},"8":{"loc":{"start":{"line":71,"column":16},"end":{"line":73,"column":17}},"type":"if","locations":[{"start":{"line":71,"column":16},"end":{"line":73,"column":17}},{"start":{},"end":{}}],"line":71},"9":{"loc":{"start":{"line":76,"column":16},"end":{"line":82,"column":17}},"type":"if","locations":[{"start":{"line":76,"column":16},"end":{"line":82,"column":17}},{"start":{"line":80,"column":23},"end":{"line":82,"column":17}}],"line":76}},"s":{"0":1,"1":1,"2":1,"3":1,"4":1,"5":1,"6":0,"7":0,"8":0,"9":0,"10":0,"11":0,"12":0,"13":0,"14":0,"15":0,"16":0,"17":0,"18":0,"19":0,"20":0,"21":0,"22":0,"23":0,"24":0,"25":0,"26":0,"27":0,"28":0,"29":0,"30":0,"31":0,"32":0,"33":0,"34":0,"35":0,"36":0,"37":0,"38":0,"39":0,"40":0,"41":0,"42":0,"43":0,"44":0,"45":0,"46":0,"47":0,"48":0,"49":0,"50":0,"51":1},"f":{"0":1,"1":0,"2":0,"3":0,"4":0,"5":0,"6":0,"7":0,"8":0,"9":0},"b":{"0":[0,0],"1":[0],"2":[0],"3":[0],"4":[0,0],"5":[0,0],"6":[0,0],"7":[0,0],"8":[0,0],"9":[0,0]},"_coverageSchema":"1a1c01bbd47fc00a2c39e90264f33305004495a9","hash":"01dd024b9f746d8ee87c798c92e54f70a89634b6"}
,"C:\\Informatique\\FullStack\\NodeJs\\j8\\src\\streams\\ProductBatchInsertWritable.js": {"path":"C:\\Informatique\\FullStack\\NodeJs\\j8\\src\\streams\\ProductBatchInsertWritable.js","statementMap":{"0":{"start":{"line":5,"column":21},"end":{"line":5,"column":38}},"1":{"start":{"line":9,"column":8},"end":{"line":9,"column":48}},"2":{"start":{"line":10,"column":8},"end":{"line":10,"column":51}},"3":{"start":{"line":11,"column":8},"end":{"line":11,"column":24}},"4":{"start":{"line":14,"column":8},"end":{"line":14,"column":52}},"5":{"start":{"line":16,"column":8},"end":{"line":20,"column":9}},"6":{"start":{"line":17,"column":10},"end":{"line":19,"column":12}},"7":{"start":{"line":24,"column":8},"end":{"line":24,"column":31}},"8":{"start":{"line":26,"column":8},"end":{"line":35,"column":9}},"9":{"start":{"line":27,"column":12},"end":{"line":32,"column":13}},"10":{"start":{"line":28,"column":16},"end":{"line":28,"column":40}},"11":{"start":{"line":29,"column":16},"end":{"line":29,"column":27}},"12":{"start":{"line":31,"column":16},"end":{"line":31,"column":32}},"13":{"start":{"line":34,"column":12},"end":{"line":34,"column":23}},"14":{"start":{"line":39,"column":8},"end":{"line":46,"column":9}},"15":{"start":{"line":40,"column":12},"end":{"line":42,"column":13}},"16":{"start":{"line":41,"column":16},"end":{"line":41,"column":40}},"17":{"start":{"line":43,"column":12},"end":{"line":43,"column":23}},"18":{"start":{"line":45,"column":12},"end":{"line":45,"column":28}},"19":{"start":{"line":50,"column":8},"end":{"line":50,"column":44}},"20":{"start":{"line":50,"column":37},"end":{"line":50,"column":44}},"21":{"start":{"line":53,"column":8},"end":{"line":53,"column":56}},"22":{"start":{"line":55,"column":8},"end":{"line":55,"column":24}},"23":{"start":{"line":60,"column":0},"end":{"line":60,"column":44}}},"fnMap":{"0":{"name":"(anonymous_0)","decl":{"start":{"line":8,"column":4},"end":{"line":8,"column":5}},"loc":{"start":{"line":8,"column":30},"end":{"line":21,"column":5}},"line":8},"1":{"name":"(anonymous_1)","decl":{"start":{"line":23,"column":4},"end":{"line":23,"column":5}},"loc":{"start":{"line":23,"column":44},"end":{"line":36,"column":5}},"line":23},"2":{"name":"(anonymous_2)","decl":{"start":{"line":38,"column":4},"end":{"line":38,"column":5}},"loc":{"start":{"line":38,"column":27},"end":{"line":47,"column":5}},"line":38},"3":{"name":"(anonymous_3)","decl":{"start":{"line":49,"column":4},"end":{"line":49,"column":5}},"loc":{"start":{"line":49,"column":23},"end":{"line":57,"column":5}},"line":49}},"branchMap":{"0":{"loc":{"start":{"line":8,"column":16},"end":{"line":8,"column":28}},"type":"default-arg","locations":[{"start":{"line":8,"column":26},"end":{"line":8,"column":28}}],"line":8},"1":{"loc":{"start":{"line":10,"column":25},"end":{"line":10,"column":50}},"type":"binary-expr","locations":[{"start":{"line":10,"column":25},"end":{"line":10,"column":42}},{"start":{"line":10,"column":46},"end":{"line":10,"column":50}}],"line":10},"2":{"loc":{"start":{"line":16,"column":8},"end":{"line":20,"column":9}},"type":"if","locations":[{"start":{"line":16,"column":8},"end":{"line":20,"column":9}},{"start":{},"end":{}}],"line":16},"3":{"loc":{"start":{"line":26,"column":8},"end":{"line":35,"column":9}},"type":"if","locations":[{"start":{"line":26,"column":8},"end":{"line":35,"column":9}},{"start":{"line":33,"column":15},"end":{"line":35,"column":9}}],"line":26},"4":{"loc":{"start":{"line":40,"column":12},"end":{"line":42,"column":13}},"type":"if","locations":[{"start":{"line":40,"column":12},"end":{"line":42,"column":13}},{"start":{},"end":{}}],"line":40},"5":{"loc":{"start":{"line":50,"column":8},"end":{"line":50,"column":44}},"type":"if","locations":[{"start":{"line":50,"column":8},"end":{"line":50,"column":44}},{"start":{},"end":{}}],"line":50}},"s":{"0":0,"1":0,"2":0,"3":0,"4":0,"5":0,"6":0,"7":0,"8":0,"9":0,"10":0,"11":0,"12":0,"13":0,"14":0,"15":0,"16":0,"17":0,"18":0,"19":0,"20":0,"21":0,"22":0,"23":0},"f":{"0":0,"1":0,"2":0,"3":0},"b":{"0":[0],"1":[0,0],"2":[0,0],"3":[0,0],"4":[0,0],"5":[0,0]}}
,"C:\\Informatique\\FullStack\\NodeJs\\j8\\src\\streams\\ProductValidationTransform.js": {"path":"C:\\Informatique\\FullStack\\NodeJs\\j8\\src\\streams\\ProductValidationTransform.js","statementMap":{"0":{"start":{"line":1,"column":22},"end":{"line":1,"column":39}},"1":{"start":{"line":5,"column":8},"end":{"line":5,"column":48}},"2":{"start":{"line":9,"column":8},"end":{"line":40,"column":9}},"3":{"start":{"line":11,"column":25},"end":{"line":11,"column":60}},"4":{"start":{"line":12,"column":32},"end":{"line":12,"column":81}},"5":{"start":{"line":14,"column":12},"end":{"line":16,"column":13}},"6":{"start":{"line":15,"column":16},"end":{"line":15,"column":34}},"7":{"start":{"line":17,"column":26},"end":{"line":17,"column":49}},"8":{"start":{"line":19,"column":24},"end":{"line":19,"column":49}},"9":{"start":{"line":20,"column":12},"end":{"line":22,"column":13}},"10":{"start":{"line":21,"column":16},"end":{"line":21,"column":26}},"11":{"start":{"line":23,"column":12},"end":{"line":25,"column":13}},"12":{"start":{"line":24,"column":16},"end":{"line":24,"column":26}},"13":{"start":{"line":27,"column":28},"end":{"line":33,"column":13}},"14":{"start":{"line":35,"column":12},"end":{"line":35,"column":31}},"15":{"start":{"line":36,"column":12},"end":{"line":36,"column":23}},"16":{"start":{"line":39,"column":12},"end":{"line":39,"column":28}},"17":{"start":{"line":44,"column":0},"end":{"line":44,"column":44}}},"fnMap":{"0":{"name":"(anonymous_0)","decl":{"start":{"line":4,"column":4},"end":{"line":4,"column":5}},"loc":{"start":{"line":4,"column":25},"end":{"line":6,"column":5}},"line":4},"1":{"name":"(anonymous_1)","decl":{"start":{"line":8,"column":4},"end":{"line":8,"column":5}},"loc":{"start":{"line":8,"column":42},"end":{"line":41,"column":5}},"line":8}},"branchMap":{"0":{"loc":{"start":{"line":11,"column":25},"end":{"line":11,"column":60}},"type":"cond-expr","locations":[{"start":{"line":11,"column":38},"end":{"line":11,"column":55}},{"start":{"line":11,"column":58},"end":{"line":11,"column":60}}],"line":11},"1":{"loc":{"start":{"line":12,"column":32},"end":{"line":12,"column":81}},"type":"cond-expr","locations":[{"start":{"line":12,"column":52},"end":{"line":12,"column":76}},{"start":{"line":12,"column":79},"end":{"line":12,"column":81}}],"line":12},"2":{"loc":{"start":{"line":14,"column":12},"end":{"line":16,"column":13}},"type":"if","locations":[{"start":{"line":14,"column":12},"end":{"line":16,"column":13}},{"start":{},"end":{}}],"line":14},"3":{"loc":{"start":{"line":14,"column":16},"end":{"line":14,"column":62}},"type":"binary-expr","locations":[{"start":{"line":14,"column":16},"end":{"line":14,"column":28}},{"start":{"line":14,"column":32},"end":{"line":14,"column":62}}],"line":14},"4":{"loc":{"start":{"line":20,"column":12},"end":{"line":22,"column":13}},"type":"if","locations":[{"start":{"line":20,"column":12},"end":{"line":22,"column":13}},{"start":{},"end":{}}],"line":20},"5":{"loc":{"start":{"line":23,"column":12},"end":{"line":25,"column":13}},"type":"if","locations":[{"start":{"line":23,"column":12},"end":{"line":25,"column":13}},{"start":{},"end":{}}],"line":23},"6":{"loc":{"start":{"line":32,"column":28},"end":{"line":32,"column":84}},"type":"binary-expr","locations":[{"start":{"line":32,"column":28},"end":{"line":32,"column":55}},{"start":{"line":32,"column":59},"end":{"line":32,"column":84}}],"line":32}},"s":{"0":0,"1":0,"2":0,"3":0,"4":0,"5":0,"6":0,"7":0,"8":0,"9":0,"10":0,"11":0,"12":0,"13":0,"14":0,"15":0,"16":0,"17":0},"f":{"0":0,"1":0},"b":{"0":[0,0],"1":[0,0],"2":[0,0],"3":[0,0],"4":[0,0],"5":[0,0],"6":[0,0]}}
,"C:\\Informatique\\FullStack\\NodeJs\\j8\\src\\workers\\worker.js": {"path":"C:\\Informatique\\FullStack\\NodeJs\\j8\\src\\workers\\worker.js","statementMap":{"0":{"start":{"line":12,"column":35},"end":{"line":12,"column":60}},"1":{"start":{"line":18,"column":2},"end":{"line":20,"column":3}},"2":{"start":{"line":18,"column":15},"end":{"line":18,"column":16}},"3":{"start":{"line":21,"column":2},"end":{"line":21,"column":20}},"4":{"start":{"line":26,"column":0},"end":{"line":35,"column":1}},"5":{"start":{"line":29,"column":23},"end":{"line":29,"column":58}},"6":{"start":{"line":31,"column":19},"end":{"line":31,"column":47}},"7":{"start":{"line":34,"column":4},"end":{"line":34,"column":35}}},"fnMap":{"0":{"name":"heavyComputation","decl":{"start":{"line":15,"column":9},"end":{"line":15,"column":25}},"loc":{"start":{"line":15,"column":38},"end":{"line":22,"column":1}},"line":15}},"branchMap":{"0":{"loc":{"start":{"line":26,"column":0},"end":{"line":35,"column":1}},"type":"if","locations":[{"start":{"line":26,"column":0},"end":{"line":35,"column":1}},{"start":{},"end":{}}],"line":26},"1":{"loc":{"start":{"line":29,"column":23},"end":{"line":29,"column":58}},"type":"binary-expr","locations":[{"start":{"line":29,"column":23},"end":{"line":29,"column":44}},{"start":{"line":29,"column":48},"end":{"line":29,"column":58}}],"line":29}},"s":{"0":0,"1":0,"2":0,"3":0,"4":0,"5":0,"6":0,"7":0},"f":{"0":0},"b":{"0":[0,0],"1":[0,0]}}
}
